<?xml version="1.0" encoding="UTF-8"?>
<!-- Generated by org.testng.reporters.JUnitReportReporter -->
<testsuite skipped="1" hostname="MLT285" name="readexcel.ReadExcelTestCase" tests="1" failures="0" timestamp="27 Apr 2018 07:15:55 GMT" time="0.004" errors="0">
  <testcase name="Login" time="0.004" classname="readexcel.ReadExcelTestCase">
    <skipped/>
  </testcase> <!-- Login -->
</testsuite> <!-- readexcel.ReadExcelTestCase -->
